<?xml version="1.0" encoding="UTF-8"?>
<!-- Generated by org.testng.reporters.JUnitXMLReporter -->
<testsuite ignored="0" hostname="DESKTOP-FMDH7KP" failures="1" tests="1" name="Test" time="34.054" errors="0" timestamp="30 Aug 2022 09:47:12 GMT">
  <testcase classname="com.TataCliq.SetTheProductNameAndProductDecandPrizeTest" name="setTheProductNameAndProductDecandPrizeTest" time="19.719">
    <failure type="org.openqa.selenium.ElementClickInterceptedException" message="element click intercepted: Element &amp;lt;a href=&amp;quot;https://www.tatacliq.com/vark-by-westside-dark-blue-kurta-ethnic-pants-dupatta-set/p-mp000000014072402&amp;quot; class=&amp;quot;ProductModule__aTag&amp;quot; title=&amp;quot;Vark by Westside Dark Blue Kurta, Ethnic Pants, Dupatta Set-Vark-Apparel-TATA CLIQ&amp;quot; style=&amp;quot;pointer-events: none;&amp;quot;&amp;gt;...&amp;lt;/a&amp;gt; is not clickable at point (503, 371). Other element would receive the click: &amp;lt;div class=&amp;quot;ProductModule__dummyDiv&amp;quot;&amp;gt;&amp;lt;/div&amp;gt;
  (Session info: chrome=104.0.5112.102)
Build info: version: &amp;apos;3.141.59&amp;apos;, revision: &amp;apos;e82be7d358&amp;apos;, time: &amp;apos;2018-11-14T08:17:03&amp;apos;
System info: host: &amp;apos;DESKTOP-FMDH7KP&amp;apos;, ip: &amp;apos;192.168.1.101&amp;apos;, os.name: &amp;apos;Windows 10&amp;apos;, os.arch: &amp;apos;amd64&amp;apos;, os.version: &amp;apos;10.0&amp;apos;, java.version: &amp;apos;17.0.4&amp;apos;
Driver info: org.openqa.selenium.chrome.ChromeDriver
Capabilities {acceptInsecureCerts: false, browserName: chrome, browserVersion: 104.0.5112.102, chrome: {chromedriverVersion: 104.0.5112.79 (3cf3e8c8a07d..., userDataDir: C:\Users\dell\AppData\Local...}, goog:chromeOptions: {debuggerAddress: localhost:63954}, javascriptEnabled: true, networkConnectionEnabled: false, pageLoadStrategy: normal, platform: WINDOWS, platformName: WINDOWS, proxy: Proxy(), setWindowRect: true, strictFileInteractability: false, timeouts: {implicit: 0, pageLoad: 300000, script: 30000}, unhandledPromptBehavior: dismiss and notify, webauthn:extension:credBlob: true, webauthn:extension:largeBlob: true, webauthn:virtualAuthenticators: true}
Session ID: 18dec3fa540a8afd920be28c872870fc">
      <![CDATA[org.openqa.selenium.ElementClickInterceptedException: element click intercepted: Element <a href="https://www.tatacliq.com/vark-by-westside-dark-blue-kurta-ethnic-pants-dupatta-set/p-mp000000014072402" class="ProductModule__aTag" title="Vark by Westside Dark Blue Kurta, Ethnic Pants, Dupatta Set-Vark-Apparel-TATA CLIQ" style="pointer-events: none;">...</a> is not clickable at point (503, 371). Other element would receive the click: <div class="ProductModule__dummyDiv"></div>
  (Session info: chrome=104.0.5112.102)
Build info: version: '3.141.59', revision: 'e82be7d358', time: '2018-11-14T08:17:03'
System info: host: 'DESKTOP-FMDH7KP', ip: '192.168.1.101', os.name: 'Windows 10', os.arch: 'amd64', os.version: '10.0', java.version: '17.0.4'
Driver info: org.openqa.selenium.chrome.ChromeDriver
Capabilities {acceptInsecureCerts: false, browserName: chrome, browserVersion: 104.0.5112.102, chrome: {chromedriverVersion: 104.0.5112.79 (3cf3e8c8a07d..., userDataDir: C:\Users\dell\AppData\Local...}, goog:chromeOptions: {debuggerAddress: localhost:63954}, javascriptEnabled: true, networkConnectionEnabled: false, pageLoadStrategy: normal, platform: WINDOWS, platformName: WINDOWS, proxy: Proxy(), setWindowRect: true, strictFileInteractability: false, timeouts: {implicit: 0, pageLoad: 300000, script: 30000}, unhandledPromptBehavior: dismiss and notify, webauthn:extension:credBlob: true, webauthn:extension:largeBlob: true, webauthn:virtualAuthenticators: true}
Session ID: 18dec3fa540a8afd920be28c872870fc
at org.openqa.selenium.remote.http.W3CHttpResponseCodec.createException(W3CHttpResponseCodec.java:187)
at org.openqa.selenium.remote.http.W3CHttpResponseCodec.decode(W3CHttpResponseCodec.java:122)
at org.openqa.selenium.remote.http.W3CHttpResponseCodec.decode(W3CHttpResponseCodec.java:49)
at org.openqa.selenium.remote.HttpCommandExecutor.execute(HttpCommandExecutor.java:158)
at org.openqa.selenium.remote.service.DriverCommandExecutor.execute(DriverCommandExecutor.java:83)
at org.openqa.selenium.remote.RemoteWebDriver.execute(RemoteWebDriver.java:552)
at org.openqa.selenium.remote.RemoteWebElement.execute(RemoteWebElement.java:285)
at org.openqa.selenium.remote.RemoteWebElement.click(RemoteWebElement.java:84)
at com.TataCliq.SetTheProductNameAndProductDecandPrizeTest.setTheProductNameAndProductDecandPrizeTest(SetTheProductNameAndProductDecandPrizeTest.java:62)
... Removed 30 stack frames]]>
    </failure>
  </testcase> <!-- setTheProductNameAndProductDecandPrizeTest -->
</testsuite> <!-- Test -->
